0 info it worked if it ends with ok
1 verbose cli [ '/Users/seanchas/.nvm/versions/node/v6.3.1/bin/node',
1 verbose cli   '/Users/seanchas/.nvm/versions/node/v6.3.1/bin/npm',
1 verbose cli   'run',
1 verbose cli   'web' ]
2 info using npm@3.10.6
3 info using node@v6.3.1
4 verbose run-script [ 'preweb', 'web', 'postweb' ]
5 info lifecycle mentor-graphql@1.0.0~preweb: mentor-graphql@1.0.0
6 silly lifecycle mentor-graphql@1.0.0~preweb: no script for preweb, continuing
7 info lifecycle mentor-graphql@1.0.0~web: mentor-graphql@1.0.0
8 verbose lifecycle mentor-graphql@1.0.0~web: unsafe-perm in lifecycle true
9 verbose lifecycle mentor-graphql@1.0.0~web: PATH: /Users/seanchas/.nvm/versions/node/v6.3.1/lib/node_modules/npm/bin/node-gyp-bin:/Users/seanchas/Sandbox/web/mentor-graphql/node_modules/.bin:/Users/seanchas/.nvm/versions/node/v6.3.1/bin:/usr/local/bin:/usr/bin:/bin:/usr/sbin:/sbin
10 verbose lifecycle mentor-graphql@1.0.0~web: CWD: /Users/seanchas/Sandbox/web/mentor-graphql
11 silly lifecycle mentor-graphql@1.0.0~web: Args: [ '-c', 'node bin/web' ]
12 silly lifecycle mentor-graphql@1.0.0~web: Returned: code: 1  signal: null
13 info lifecycle mentor-graphql@1.0.0~web: Failed to exec web script
14 verbose stack Error: mentor-graphql@1.0.0 web: `node bin/web`
14 verbose stack Exit status 1
14 verbose stack     at EventEmitter.<anonymous> (/Users/seanchas/.nvm/versions/node/v6.3.1/lib/node_modules/npm/lib/utils/lifecycle.js:255:16)
14 verbose stack     at emitTwo (events.js:106:13)
14 verbose stack     at EventEmitter.emit (events.js:191:7)
14 verbose stack     at ChildProcess.<anonymous> (/Users/seanchas/.nvm/versions/node/v6.3.1/lib/node_modules/npm/lib/utils/spawn.js:40:14)
14 verbose stack     at emitTwo (events.js:106:13)
14 verbose stack     at ChildProcess.emit (events.js:191:7)
14 verbose stack     at maybeClose (internal/child_process.js:852:16)
14 verbose stack     at Process.ChildProcess._handle.onexit (internal/child_process.js:215:5)
15 verbose pkgid mentor-graphql@1.0.0
16 verbose cwd /Users/seanchas/Sandbox/web/mentor-graphql
17 error Darwin 15.6.0
18 error argv "/Users/seanchas/.nvm/versions/node/v6.3.1/bin/node" "/Users/seanchas/.nvm/versions/node/v6.3.1/bin/npm" "run" "web"
19 error node v6.3.1
20 error npm  v3.10.6
21 error code ELIFECYCLE
22 error mentor-graphql@1.0.0 web: `node bin/web`
22 error Exit status 1
23 error Failed at the mentor-graphql@1.0.0 web script 'node bin/web'.
23 error Make sure you have the latest version of node.js and npm installed.
23 error If you do, this is most likely a problem with the mentor-graphql package,
23 error not with npm itself.
23 error Tell the author that this fails on your system:
23 error     node bin/web
23 error You can get information on how to open an issue for this project with:
23 error     npm bugs mentor-graphql
23 error Or if that isn't available, you can get their info via:
23 error     npm owner ls mentor-graphql
23 error There is likely additional logging output above.
24 verbose exit [ 1, true ]
